Data per process: 281498
Processes: 1
Open file: 394ms
Load positions: 5ms
Sorting: 165ms
Loading: 219ms
Rendering: 784ms
Communication: 0ms

Data per process: 281498
Processes: 1
Open file: 423ms
Load positions: 1ms
Sorting: 111ms
Loading: 159ms
Rendering: 786ms
Communication: 0ms

Data per process: 281498
Processes: 1
Open file: 415ms
Load positions: 2ms
Sorting: 109ms
Loading: 148ms
Rendering: 783ms
Communication: 0ms

Data per process: 281498
Processes: 1
Open file: 420ms
Load positions: 1ms
Sorting: 110ms
Loading: 158ms
Rendering: 787ms
Communication: 0ms

Data per process: 281498
Processes: 1
Open file: 423ms
Load positions: 1ms
Sorting: 110ms
Loading: 159ms
Rendering: 787ms
Communication: 0ms

Data per process: 281498
Processes: 1
Open file: 417ms
Load positions: 1ms
Sorting: 109ms
Loading: 148ms
Rendering: 785ms
Communication: 0ms

Data per process: 281498
Processes: 1
Open file: 423ms
Load positions: 1ms
Sorting: 111ms
Loading: 155ms
Rendering: 776ms
Communication: 0ms

Data per process: 281498
Processes: 1
Open file: 418ms
Load positions: 1ms
Sorting: 111ms
Loading: 159ms
Rendering: 788ms
Communication: 0ms

Data per process: 281498
Processes: 1
Open file: 419ms
Load positions: 1ms
Sorting: 109ms
Loading: 148ms
Rendering: 783ms
Communication: 0ms

Data per process: 281498
Processes: 1
Open file: 421ms
Load positions: 1ms
Sorting: 111ms
Loading: 158ms
Rendering: 787ms
Communication: 0ms

Data per process: 140749
Processes: 2
Open file: 423ms
Load positions: 1ms
Sorting: 111ms
Loading: 86ms
Rendering: 504ms
Communication: 11ms

Data per process: 140749
Processes: 2
Open file: 423ms
Load positions: 1ms
Sorting: 110ms
Loading: 85ms
Rendering: 504ms
Communication: 10ms

Data per process: 140749
Processes: 2
Open file: 423ms
Load positions: 1ms
Sorting: 111ms
Loading: 86ms
Rendering: 504ms
Communication: 10ms

Data per process: 140749
Processes: 2
Open file: 421ms
Load positions: 1ms
Sorting: 109ms
Loading: 78ms
Rendering: 502ms
Communication: 7ms

Data per process: 140749
Processes: 2
Open file: 422ms
Load positions: 1ms
Sorting: 110ms
Loading: 86ms
Rendering: 505ms
Communication: 7ms

Data per process: 140749
Processes: 2
Open file: 422ms
Load positions: 1ms
Sorting: 111ms
Loading: 86ms
Rendering: 504ms
Communication: 6ms

Data per process: 140749
Processes: 2
Open file: 423ms
Load positions: 1ms
Sorting: 110ms
Loading: 84ms
Rendering: 503ms
Communication: 6ms

Data per process: 140749
Processes: 2
Open file: 424ms
Load positions: 1ms
Sorting: 109ms
Loading: 78ms
Rendering: 501ms
Communication: 7ms

Data per process: 140749
Processes: 2
Open file: 420ms
Load positions: 1ms
Sorting: 110ms
Loading: 86ms
Rendering: 504ms
Communication: 7ms

Data per process: 140749
Processes: 2
Open file: 421ms
Load positions: 1ms
Sorting: 110ms
Loading: 85ms
Rendering: 503ms
Communication: 8ms

Data per process: 93833
Processes: 3
Open file: 421ms
Load positions: 1ms
Sorting: 111ms
Loading: 54ms
Rendering: 340ms
Communication: 18ms

Data per process: 93833
Processes: 3
Open file: 420ms
Load positions: 1ms
Sorting: 135ms
Loading: 60ms
Rendering: 341ms
Communication: 19ms

Data per process: 93833
Processes: 3
Open file: 422ms
Load positions: 1ms
Sorting: 134ms
Loading: 60ms
Rendering: 340ms
Communication: 18ms

Data per process: 93833
Processes: 3
Open file: 425ms
Load positions: 1ms
Sorting: 135ms
Loading: 55ms
Rendering: 340ms
Communication: 14ms

Data per process: 93833
Processes: 3
Open file: 422ms
Load positions: 1ms
Sorting: 136ms
Loading: 61ms
Rendering: 341ms
Communication: 15ms

Data per process: 93833
Processes: 3
Open file: 421ms
Load positions: 1ms
Sorting: 135ms
Loading: 56ms
Rendering: 341ms
Communication: 15ms

Data per process: 93833
Processes: 3
Open file: 421ms
Load positions: 1ms
Sorting: 136ms
Loading: 61ms
Rendering: 341ms
Communication: 15ms

Data per process: 93833
Processes: 3
Open file: 422ms
Load positions: 1ms
Sorting: 135ms
Loading: 55ms
Rendering: 340ms
Communication: 14ms

Data per process: 93833
Processes: 3
Open file: 420ms
Load positions: 2ms
Sorting: 137ms
Loading: 61ms
Rendering: 340ms
Communication: 12ms

Data per process: 93833
Processes: 3
Open file: 422ms
Load positions: 1ms
Sorting: 135ms
Loading: 56ms
Rendering: 340ms
Communication: 14ms

Data per process: 70375
Processes: 4
Open file: 421ms
Load positions: 1ms
Sorting: 135ms
Loading: 50ms
Rendering: 248ms
Communication: 12ms

Data per process: 70375
Processes: 4
Open file: 422ms
Load positions: 1ms
Sorting: 134ms
Loading: 46ms
Rendering: 248ms
Communication: 12ms

Data per process: 70375
Processes: 4
Open file: 412ms
Load positions: 1ms
Sorting: 129ms
Loading: 47ms
Rendering: 245ms
Communication: 12ms

Data per process: 70375
Processes: 4
Open file: 413ms
Load positions: 1ms
Sorting: 132ms
Loading: 49ms
Rendering: 248ms
Communication: 14ms

Data per process: 70375
Processes: 4
Open file: 422ms
Load positions: 1ms
Sorting: 134ms
Loading: 46ms
Rendering: 248ms
Communication: 15ms

Data per process: 70375
Processes: 4
Open file: 418ms
Load positions: 1ms
Sorting: 133ms
Loading: 49ms
Rendering: 248ms
Communication: 11ms

Data per process: 70375
Processes: 4
Open file: 421ms
Load positions: 1ms
Sorting: 135ms
Loading: 50ms
Rendering: 248ms
Communication: 12ms

Data per process: 70375
Processes: 4
Open file: 421ms
Load positions: 1ms
Sorting: 134ms
Loading: 46ms
Rendering: 248ms
Communication: 11ms

Data per process: 70375
Processes: 4
Open file: 422ms
Load positions: 1ms
Sorting: 133ms
Loading: 49ms
Rendering: 247ms
Communication: 15ms

Data per process: 70375
Processes: 4
Open file: 419ms
Load positions: 1ms
Sorting: 135ms
Loading: 50ms
Rendering: 248ms
Communication: 14ms

Data per process: 56300
Processes: 5
Open file: 420ms
Load positions: 1ms
Sorting: 130ms
Loading: 38ms
Rendering: 197ms
Communication: 27ms

Data per process: 56300
Processes: 5
Open file: 420ms
Load positions: 1ms
Sorting: 146ms
Loading: 42ms
Rendering: 196ms
Communication: 28ms

Data per process: 56300
Processes: 5
Open file: 420ms
Load positions: 1ms
Sorting: 148ms
Loading: 41ms
Rendering: 194ms
Communication: 20ms

Data per process: 56300
Processes: 5
Open file: 419ms
Load positions: 1ms
Sorting: 148ms
Loading: 39ms
Rendering: 196ms
Communication: 23ms

Data per process: 56300
Processes: 5
Open file: 421ms
Load positions: 1ms
Sorting: 147ms
Loading: 42ms
Rendering: 196ms
Communication: 21ms

Data per process: 56300
Processes: 5
Open file: 421ms
Load positions: 1ms
Sorting: 145ms
Loading: 38ms
Rendering: 197ms
Communication: 22ms

Data per process: 56300
Processes: 5
Open file: 420ms
Load positions: 1ms
Sorting: 146ms
Loading: 42ms
Rendering: 197ms
Communication: 18ms

Data per process: 56300
Processes: 5
Open file: 422ms
Load positions: 1ms
Sorting: 145ms
Loading: 38ms
Rendering: 197ms
Communication: 16ms

Data per process: 56300
Processes: 5
Open file: 421ms
Load positions: 2ms
Sorting: 144ms
Loading: 42ms
Rendering: 196ms
Communication: 21ms

Data per process: 56300
Processes: 5
Open file: 421ms
Load positions: 1ms
Sorting: 145ms
Loading: 38ms
Rendering: 196ms
Communication: 21ms

Data per process: 46917
Processes: 6
Open file: 421ms
Load positions: 1ms
Sorting: 146ms
Loading: 38ms
Rendering: 162ms
Communication: 17ms

Data per process: 46917
Processes: 6
Open file: 420ms
Load positions: 1ms
Sorting: 146ms
Loading: 39ms
Rendering: 163ms
Communication: 23ms

Data per process: 46917
Processes: 6
Open file: 420ms
Load positions: 1ms
Sorting: 145ms
Loading: 38ms
Rendering: 162ms
Communication: 17ms

Data per process: 46917
Processes: 6
Open file: 421ms
Load positions: 1ms
Sorting: 145ms
Loading: 36ms
Rendering: 162ms
Communication: 23ms

Data per process: 46917
Processes: 6
Open file: 413ms
Load positions: 1ms
Sorting: 149ms
Loading: 38ms
Rendering: 162ms
Communication: 17ms

Data per process: 46917
Processes: 6
Open file: 420ms
Load positions: 1ms
Sorting: 146ms
Loading: 38ms
Rendering: 162ms
Communication: 23ms

Data per process: 46917
Processes: 6
Open file: 420ms
Load positions: 1ms
Sorting: 145ms
Loading: 39ms
Rendering: 162ms
Communication: 17ms

Data per process: 46917
Processes: 6
Open file: 421ms
Load positions: 1ms
Sorting: 149ms
Loading: 37ms
Rendering: 162ms
Communication: 17ms

Data per process: 46917
Processes: 6
Open file: 421ms
Load positions: 1ms
Sorting: 148ms
Loading: 38ms
Rendering: 162ms
Communication: 17ms

Data per process: 46917
Processes: 6
Open file: 421ms
Load positions: 2ms
Sorting: 147ms
Loading: 38ms
Rendering: 162ms
Communication: 17ms

Data per process: 40214
Processes: 7
Open file: 420ms
Load positions: 1ms
Sorting: 143ms
Loading: 37ms
Rendering: 135ms
Communication: 18ms

Data per process: 40214
Processes: 7
Open file: 422ms
Load positions: 1ms
Sorting: 145ms
Loading: 36ms
Rendering: 134ms
Communication: 20ms

Data per process: 40214
Processes: 7
Open file: 422ms
Load positions: 1ms
Sorting: 144ms
Loading: 37ms
Rendering: 135ms
Communication: 20ms

Data per process: 40214
Processes: 7
Open file: 423ms
Load positions: 1ms
Sorting: 142ms
Loading: 35ms
Rendering: 135ms
Communication: 17ms

Data per process: 40214
Processes: 7
Open file: 423ms
Load positions: 1ms
Sorting: 143ms
Loading: 36ms
Rendering: 135ms
Communication: 27ms

Data per process: 40214
Processes: 7
Open file: 422ms
Load positions: 1ms
Sorting: 141ms
Loading: 36ms
Rendering: 134ms
Communication: 18ms

Data per process: 40214
Processes: 7
Open file: 424ms
Load positions: 1ms
Sorting: 143ms
Loading: 37ms
Rendering: 135ms
Communication: 26ms

Data per process: 40214
Processes: 7
Open file: 423ms
Load positions: 1ms
Sorting: 141ms
Loading: 35ms
Rendering: 135ms
Communication: 17ms

Data per process: 40214
Processes: 7
Open file: 423ms
Load positions: 1ms
Sorting: 143ms
Loading: 36ms
Rendering: 135ms
Communication: 25ms

Data per process: 40214
Processes: 7
Open file: 423ms
Load positions: 1ms
Sorting: 142ms
Loading: 36ms
Rendering: 134ms
Communication: 17ms

Data per process: 35188
Processes: 8
Open file: 423ms
Load positions: 1ms
Sorting: 142ms
Loading: 31ms
Rendering: 113ms
Communication: 21ms

Data per process: 35188
Processes: 8
Open file: 422ms
Load positions: 2ms
Sorting: 144ms
Loading: 30ms
Rendering: 113ms
Communication: 17ms

Data per process: 35188
Processes: 8
Open file: 423ms
Load positions: 1ms
Sorting: 146ms
Loading: 31ms
Rendering: 113ms
Communication: 25ms

Data per process: 35188
Processes: 8
Open file: 421ms
Load positions: 2ms
Sorting: 146ms
Loading: 31ms
Rendering: 113ms
Communication: 16ms

Data per process: 35188
Processes: 8
Open file: 423ms
Load positions: 1ms
Sorting: 145ms
Loading: 29ms
Rendering: 113ms
Communication: 19ms

Data per process: 35188
Processes: 8
Open file: 423ms
Load positions: 1ms
Sorting: 146ms
Loading: 32ms
Rendering: 113ms
Communication: 16ms

Data per process: 35188
Processes: 8
Open file: 423ms
Load positions: 1ms
Sorting: 145ms
Loading: 29ms
Rendering: 113ms
Communication: 20ms

Data per process: 35188
Processes: 8
Open file: 421ms
Load positions: 1ms
Sorting: 146ms
Loading: 32ms
Rendering: 113ms
Communication: 20ms

Data per process: 35188
Processes: 8
Open file: 421ms
Load positions: 2ms
Sorting: 146ms
Loading: 31ms
Rendering: 113ms
Communication: 18ms

Data per process: 35188
Processes: 8
Open file: 423ms
Load positions: 1ms
Sorting: 145ms
Loading: 29ms
Rendering: 113ms
Communication: 19ms

Data per process: 31278
Processes: 9
Open file: 423ms
Load positions: 2ms
Sorting: 143ms
Loading: 28ms
Rendering: 96ms
Communication: 36ms

Data per process: 31278
Processes: 9
Open file: 423ms
Load positions: 1ms
Sorting: 142ms
Loading: 28ms
Rendering: 96ms
Communication: 36ms

Data per process: 31278
Processes: 9
Open file: 422ms
Load positions: 2ms
Sorting: 142ms
Loading: 28ms
Rendering: 96ms
Communication: 35ms

Data per process: 31278
Processes: 9
Open file: 419ms
Load positions: 1ms
Sorting: 145ms
Loading: 28ms
Rendering: 96ms
Communication: 28ms

Data per process: 31278
Processes: 9
Open file: 423ms
Load positions: 2ms
Sorting: 143ms
Loading: 28ms
Rendering: 96ms
Communication: 28ms

Data per process: 31278
Processes: 9
Open file: 421ms
Load positions: 1ms
Sorting: 145ms
Loading: 28ms
Rendering: 96ms
Communication: 23ms

Data per process: 31278
Processes: 9
Open file: 422ms
Load positions: 1ms
Sorting: 145ms
Loading: 28ms
Rendering: 96ms
Communication: 28ms

Data per process: 31278
Processes: 9
Open file: 422ms
Load positions: 1ms
Sorting: 145ms
Loading: 28ms
Rendering: 96ms
Communication: 22ms

Data per process: 31278
Processes: 9
Open file: 423ms
Load positions: 1ms
Sorting: 145ms
Loading: 28ms
Rendering: 96ms
Communication: 22ms

Data per process: 31278
Processes: 9
Open file: 421ms
Load positions: 1ms
Sorting: 145ms
Loading: 27ms
Rendering: 96ms
Communication: 22ms

Data per process: 28150
Processes: 10
Open file: 417ms
Load positions: 1ms
Sorting: 141ms
Loading: 25ms
Rendering: 84ms
Communication: 22ms

Data per process: 28150
Processes: 10
Open file: 423ms
Load positions: 1ms
Sorting: 147ms
Loading: 27ms
Rendering: 84ms
Communication: 32ms

Data per process: 28150
Processes: 10
Open file: 431ms
Load positions: 1ms
Sorting: 139ms
Loading: 26ms
Rendering: 85ms
Communication: 32ms

Data per process: 28150
Processes: 10
Open file: 420ms
Load positions: 1ms
Sorting: 144ms
Loading: 26ms
Rendering: 84ms
Communication: 28ms

Data per process: 28150
Processes: 10
Open file: 422ms
Load positions: 1ms
Sorting: 144ms
Loading: 26ms
Rendering: 84ms
Communication: 25ms

Data per process: 28150
Processes: 10
Open file: 421ms
Load positions: 2ms
Sorting: 146ms
Loading: 26ms
Rendering: 84ms
Communication: 23ms

Data per process: 28150
Processes: 10
Open file: 422ms
Load positions: 2ms
Sorting: 144ms
Loading: 25ms
Rendering: 84ms
Communication: 23ms

Data per process: 28150
Processes: 10
Open file: 421ms
Load positions: 1ms
Sorting: 146ms
Loading: 26ms
Rendering: 84ms
Communication: 23ms

Data per process: 28150
Processes: 10
Open file: 420ms
Load positions: 1ms
Sorting: 145ms
Loading: 26ms
Rendering: 84ms
Communication: 23ms

Data per process: 28150
Processes: 10
Open file: 421ms
Load positions: 1ms
Sorting: 146ms
Loading: 27ms
Rendering: 84ms
Communication: 22ms

Data per process: 25591
Processes: 11
Open file: 422ms
Load positions: 1ms
Sorting: 143ms
Loading: 24ms
Rendering: 76ms
Communication: 23ms

Data per process: 25591
Processes: 11
Open file: 421ms
Load positions: 1ms
Sorting: 145ms
Loading: 25ms
Rendering: 76ms
Communication: 29ms

Data per process: 25591
Processes: 11
Open file: 423ms
Load positions: 1ms
Sorting: 145ms
Loading: 27ms
Rendering: 76ms
Communication: 31ms

Data per process: 25591
Processes: 11
Open file: 421ms
Load positions: 2ms
Sorting: 143ms
Loading: 26ms
Rendering: 75ms
Communication: 30ms

Data per process: 25591
Processes: 11
Open file: 422ms
Load positions: 1ms
Sorting: 144ms
Loading: 27ms
Rendering: 75ms
Communication: 22ms

Data per process: 25591
Processes: 11
Open file: 421ms
Load positions: 1ms
Sorting: 146ms
Loading: 26ms
Rendering: 76ms
Communication: 28ms

Data per process: 25591
Processes: 11
Open file: 421ms
Load positions: 1ms
Sorting: 144ms
Loading: 27ms
Rendering: 75ms
Communication: 28ms

Data per process: 25591
Processes: 11
Open file: 420ms
Load positions: 1ms
Sorting: 144ms
Loading: 27ms
Rendering: 75ms
Communication: 22ms

Data per process: 25591
Processes: 11
Open file: 421ms
Load positions: 1ms
Sorting: 145ms
Loading: 27ms
Rendering: 75ms
Communication: 22ms

Data per process: 25591
Processes: 11
Open file: 421ms
Load positions: 1ms
Sorting: 145ms
Loading: 26ms
Rendering: 76ms
Communication: 29ms

Data per process: 23459
Processes: 12
Open file: 421ms
Load positions: 2ms
Sorting: 144ms
Loading: 26ms
Rendering: 69ms
Communication: 28ms

Data per process: 23459
Processes: 12
Open file: 421ms
Load positions: 2ms
Sorting: 146ms
Loading: 26ms
Rendering: 69ms
Communication: 28ms

Data per process: 23459
Processes: 12
Open file: 422ms
Load positions: 1ms
Sorting: 142ms
Loading: 25ms
Rendering: 69ms
Communication: 22ms

Data per process: 23459
Processes: 12
Open file: 419ms
Load positions: 1ms
Sorting: 147ms
Loading: 27ms
Rendering: 69ms
Communication: 22ms

Data per process: 23459
Processes: 12
Open file: 422ms
Load positions: 1ms
Sorting: 143ms
Loading: 26ms
Rendering: 69ms
Communication: 23ms

Data per process: 23459
Processes: 12
Open file: 421ms
Load positions: 1ms
Sorting: 143ms
Loading: 25ms
Rendering: 69ms
Communication: 25ms

Data per process: 23459
Processes: 12
Open file: 422ms
Load positions: 2ms
Sorting: 143ms
Loading: 25ms
Rendering: 69ms
Communication: 26ms

Data per process: 23459
Processes: 12
Open file: 422ms
Load positions: 1ms
Sorting: 144ms
Loading: 24ms
Rendering: 68ms
Communication: 25ms

Data per process: 23459
Processes: 12
Open file: 412ms
Load positions: 2ms
Sorting: 148ms
Loading: 25ms
Rendering: 69ms
Communication: 25ms

Data per process: 23459
Processes: 12
Open file: 412ms
Load positions: 2ms
Sorting: 144ms
Loading: 24ms
Rendering: 70ms
Communication: 22ms

Data per process: 21654
Processes: 13
Open file: 420ms
Load positions: 2ms
Sorting: 144ms
Loading: 25ms
Rendering: 64ms
Communication: 22ms

Data per process: 21654
Processes: 13
Open file: 422ms
Load positions: 1ms
Sorting: 143ms
Loading: 24ms
Rendering: 64ms
Communication: 22ms

Data per process: 21654
Processes: 13
Open file: 424ms
Load positions: 1ms
Sorting: 142ms
Loading: 24ms
Rendering: 64ms
Communication: 28ms

Data per process: 21654
Processes: 13
Open file: 421ms
Load positions: 2ms
Sorting: 146ms
Loading: 24ms
Rendering: 64ms
Communication: 28ms

Data per process: 21654
Processes: 13
Open file: 423ms
Load positions: 1ms
Sorting: 141ms
Loading: 23ms
Rendering: 64ms
Communication: 22ms

Data per process: 21654
Processes: 13
Open file: 423ms
Load positions: 1ms
Sorting: 143ms
Loading: 25ms
Rendering: 64ms
Communication: 25ms

Data per process: 21654
Processes: 13
Open file: 421ms
Load positions: 2ms
Sorting: 143ms
Loading: 24ms
Rendering: 64ms
Communication: 22ms

Data per process: 21654
Processes: 13
Open file: 422ms
Load positions: 2ms
Sorting: 146ms
Loading: 25ms
Rendering: 64ms
Communication: 23ms

Data per process: 21654
Processes: 13
Open file: 421ms
Load positions: 1ms
Sorting: 145ms
Loading: 25ms
Rendering: 64ms
Communication: 22ms

Data per process: 21654
Processes: 13
Open file: 423ms
Load positions: 1ms
Sorting: 144ms
Loading: 24ms
Rendering: 64ms
Communication: 26ms

Data per process: 20107
Processes: 14
Open file: 422ms
Load positions: 2ms
Sorting: 143ms
Loading: 28ms
Rendering: 58ms
Communication: 22ms

Data per process: 20107
Processes: 14
Open file: 421ms
Load positions: 1ms
Sorting: 141ms
Loading: 23ms
Rendering: 59ms
Communication: 28ms

Data per process: 20107
Processes: 14
Open file: 413ms
Load positions: 2ms
Sorting: 145ms
Loading: 22ms
Rendering: 58ms
Communication: 30ms

Data per process: 20107
Processes: 14
Open file: 411ms
Load positions: 1ms
Sorting: 147ms
Loading: 23ms
Rendering: 59ms
Communication: 22ms

Data per process: 20107
Processes: 14
Open file: 423ms
Load positions: 2ms
Sorting: 145ms
Loading: 25ms
Rendering: 59ms
Communication: 28ms

Data per process: 20107
Processes: 14
Open file: 422ms
Load positions: 1ms
Sorting: 141ms
Loading: 24ms
Rendering: 59ms
Communication: 28ms

Data per process: 20107
Processes: 14
Open file: 421ms
Load positions: 2ms
Sorting: 145ms
Loading: 27ms
Rendering: 59ms
Communication: 22ms

Data per process: 20107
Processes: 14
Open file: 422ms
Load positions: 1ms
Sorting: 142ms
Loading: 24ms
Rendering: 59ms
Communication: 22ms

Data per process: 20107
Processes: 14
Open file: 426ms
Load positions: 1ms
Sorting: 142ms
Loading: 28ms
Rendering: 58ms
Communication: 23ms

Data per process: 20107
Processes: 14
Open file: 420ms
Load positions: 1ms
Sorting: 143ms
Loading: 23ms
Rendering: 60ms
Communication: 23ms

Data per process: 18767
Processes: 15
Open file: 424ms
Load positions: 1ms
Sorting: 142ms
Loading: 26ms
Rendering: 54ms
Communication: 22ms

Data per process: 18767
Processes: 15
Open file: 424ms
Load positions: 2ms
Sorting: 144ms
Loading: 25ms
Rendering: 54ms
Communication: 28ms

Data per process: 18767
Processes: 15
Open file: 420ms
Load positions: 1ms
Sorting: 142ms
Loading: 22ms
Rendering: 55ms
Communication: 23ms

Data per process: 18767
Processes: 15
Open file: 423ms
Load positions: 2ms
Sorting: 144ms
Loading: 25ms
Rendering: 55ms
Communication: 28ms

Data per process: 18767
Processes: 15
Open file: 421ms
Load positions: 1ms
Sorting: 142ms
Loading: 23ms
Rendering: 55ms
Communication: 23ms

Data per process: 18767
Processes: 15
Open file: 422ms
Load positions: 2ms
Sorting: 146ms
Loading: 27ms
Rendering: 54ms
Communication: 25ms

Data per process: 18767
Processes: 15
Open file: 414ms
Load positions: 1ms
Sorting: 140ms
Loading: 20ms
Rendering: 54ms
Communication: 25ms

Data per process: 18767
Processes: 15
Open file: 411ms
Load positions: 2ms
Sorting: 144ms
Loading: 22ms
Rendering: 56ms
Communication: 23ms

Data per process: 18767
Processes: 15
Open file: 422ms
Load positions: 2ms
Sorting: 144ms
Loading: 25ms
Rendering: 54ms
Communication: 22ms

Data per process: 18767
Processes: 15
Open file: 423ms
Load positions: 1ms
Sorting: 143ms
Loading: 26ms
Rendering: 54ms
Communication: 26ms

Data per process: 17594
Processes: 16
Open file: 421ms
Load positions: 1ms
Sorting: 144ms
Loading: 24ms
Rendering: 51ms
Communication: 23ms

Data per process: 17594
Processes: 16
Open file: 421ms
Load positions: 2ms
Sorting: 144ms
Loading: 25ms
Rendering: 51ms
Communication: 23ms

Data per process: 17594
Processes: 16
Open file: 421ms
Load positions: 1ms
Sorting: 143ms
Loading: 23ms
Rendering: 51ms
Communication: 23ms

Data per process: 17594
Processes: 16
Open file: 421ms
Load positions: 2ms
Sorting: 146ms
Loading: 24ms
Rendering: 51ms
Communication: 23ms

Data per process: 17594
Processes: 16
Open file: 424ms
Load positions: 1ms
Sorting: 147ms
Loading: 24ms
Rendering: 51ms
Communication: 28ms

Data per process: 17594
Processes: 16
Open file: 420ms
Load positions: 1ms
Sorting: 142ms
Loading: 24ms
Rendering: 51ms
Communication: 31ms

Data per process: 17594
Processes: 16
Open file: 421ms
Load positions: 1ms
Sorting: 141ms
Loading: 25ms
Rendering: 51ms
Communication: 22ms

Data per process: 17594
Processes: 16
Open file: 425ms
Load positions: 2ms
Sorting: 144ms
Loading: 23ms
Rendering: 51ms
Communication: 23ms

Data per process: 17594
Processes: 16
Open file: 423ms
Load positions: 1ms
Sorting: 141ms
Loading: 24ms
Rendering: 51ms
Communication: 22ms

Data per process: 17594
Processes: 16
Open file: 422ms
Load positions: 1ms
Sorting: 144ms
Loading: 25ms
Rendering: 51ms
Communication: 22ms

Data per process: 16559
Processes: 17
Open file: 420ms
Load positions: 2ms
Sorting: 137ms
Loading: 24ms
Rendering: 47ms
Communication: 34ms

Data per process: 16559
Processes: 17
Open file: 412ms
Load positions: 2ms
Sorting: 141ms
Loading: 22ms
Rendering: 48ms
Communication: 39ms

Data per process: 16559
Processes: 17
Open file: 413ms
Load positions: 2ms
Sorting: 148ms
Loading: 22ms
Rendering: 48ms
Communication: 41ms

Data per process: 16559
Processes: 17
Open file: 425ms
Load positions: 1ms
Sorting: 146ms
Loading: 19ms
Rendering: 48ms
Communication: 27ms

Data per process: 16559
Processes: 17
Open file: 422ms
Load positions: 1ms
Sorting: 146ms
Loading: 24ms
Rendering: 48ms
Communication: 28ms

Data per process: 16559
Processes: 17
Open file: 422ms
Load positions: 1ms
Sorting: 145ms
Loading: 23ms
Rendering: 48ms
Communication: 33ms

Data per process: 16559
Processes: 17
Open file: 422ms
Load positions: 1ms
Sorting: 143ms
Loading: 23ms
Rendering: 48ms
Communication: 30ms

Data per process: 16559
Processes: 17
Open file: 422ms
Load positions: 1ms
Sorting: 149ms
Loading: 22ms
Rendering: 48ms
Communication: 34ms

Data per process: 16559
Processes: 17
Open file: 421ms
Load positions: 1ms
Sorting: 144ms
Loading: 24ms
Rendering: 48ms
Communication: 34ms

Data per process: 16559
Processes: 17
Open file: 423ms
Load positions: 1ms
Sorting: 144ms
Loading: 23ms
Rendering: 48ms
Communication: 27ms

Data per process: 15639
Processes: 18
Open file: 422ms
Load positions: 2ms
Sorting: 149ms
Loading: 20ms
Rendering: 45ms
Communication: 29ms

Data per process: 15639
Processes: 18
Open file: 421ms
Load positions: 1ms
Sorting: 146ms
Loading: 22ms
Rendering: 45ms
Communication: 28ms

Data per process: 15639
Processes: 18
Open file: 421ms
Load positions: 1ms
Sorting: 146ms
Loading: 22ms
Rendering: 45ms
Communication: 28ms

Data per process: 15639
Processes: 18
Open file: 421ms
Load positions: 1ms
Sorting: 148ms
Loading: 21ms
Rendering: 45ms
Communication: 28ms

Data per process: 15639
Processes: 18
Open file: 420ms
Load positions: 1ms
Sorting: 145ms
Loading: 22ms
Rendering: 44ms
Communication: 30ms

Data per process: 15639
Processes: 18
Open file: 411ms
Load positions: 1ms
Sorting: 144ms
Loading: 23ms
Rendering: 45ms
Communication: 28ms

Data per process: 15639
Processes: 18
Open file: 421ms
Load positions: 1ms
Sorting: 148ms
Loading: 22ms
Rendering: 44ms
Communication: 28ms

Data per process: 15639
Processes: 18
Open file: 422ms
Load positions: 1ms
Sorting: 148ms
Loading: 20ms
Rendering: 44ms
Communication: 28ms

Data per process: 15639
Processes: 18
Open file: 423ms
Load positions: 1ms
Sorting: 145ms
Loading: 22ms
Rendering: 44ms
Communication: 28ms

Data per process: 15639
Processes: 18
Open file: 420ms
Load positions: 1ms
Sorting: 148ms
Loading: 21ms
Rendering: 44ms
Communication: 28ms

Data per process: 14816
Processes: 19
Open file: 422ms
Load positions: 1ms
Sorting: 153ms
Loading: 19ms
Rendering: 42ms
Communication: 28ms

Data per process: 14816
Processes: 19
Open file: 421ms
Load positions: 1ms
Sorting: 152ms
Loading: 19ms
Rendering: 42ms
Communication: 28ms

Data per process: 14816
Processes: 19
Open file: 421ms
Load positions: 1ms
Sorting: 152ms
Loading: 19ms
Rendering: 42ms
Communication: 28ms

Data per process: 14816
Processes: 19
Open file: 421ms
Load positions: 1ms
Sorting: 152ms
Loading: 19ms
Rendering: 42ms
Communication: 28ms

Data per process: 14816
Processes: 19
Open file: 421ms
Load positions: 1ms
Sorting: 151ms
Loading: 19ms
Rendering: 42ms
Communication: 28ms

Data per process: 14816
Processes: 19
Open file: 421ms
Load positions: 1ms
Sorting: 153ms
Loading: 19ms
Rendering: 42ms
Communication: 28ms

Data per process: 14816
Processes: 19
Open file: 421ms
Load positions: 1ms
Sorting: 152ms
Loading: 19ms
Rendering: 42ms
Communication: 28ms

Data per process: 14816
Processes: 19
Open file: 424ms
Load positions: 1ms
Sorting: 151ms
Loading: 19ms
Rendering: 42ms
Communication: 28ms

Data per process: 14816
Processes: 19
Open file: 421ms
Load positions: 1ms
Sorting: 152ms
Loading: 19ms
Rendering: 42ms
Communication: 28ms

Data per process: 14816
Processes: 19
Open file: 421ms
Load positions: 1ms
Sorting: 151ms
Loading: 19ms
Rendering: 42ms
Communication: 28ms

Data per process: 14075
Processes: 20
Open file: 422ms
Load positions: 1ms
Sorting: 151ms
Loading: 18ms
Rendering: 40ms
Communication: 29ms

Data per process: 14075
Processes: 20
Open file: 421ms
Load positions: 1ms
Sorting: 152ms
Loading: 18ms
Rendering: 40ms
Communication: 29ms

Data per process: 14075
Processes: 20
Open file: 423ms
Load positions: 1ms
Sorting: 149ms
Loading: 19ms
Rendering: 40ms
Communication: 28ms

Data per process: 14075
Processes: 20
Open file: 421ms
Load positions: 1ms
Sorting: 152ms
Loading: 19ms
Rendering: 40ms
Communication: 28ms

Data per process: 14075
Processes: 20
Open file: 422ms
Load positions: 1ms
Sorting: 149ms
Loading: 19ms
Rendering: 40ms
Communication: 28ms

Data per process: 14075
Processes: 20
Open file: 420ms
Load positions: 1ms
Sorting: 155ms
Loading: 19ms
Rendering: 39ms
Communication: 29ms

Data per process: 14075
Processes: 20
Open file: 412ms
Load positions: 1ms
Sorting: 143ms
Loading: 21ms
Rendering: 39ms
Communication: 28ms

Data per process: 14075
Processes: 20
Open file: 412ms
Load positions: 2ms
Sorting: 148ms
Loading: 21ms
Rendering: 39ms
Communication: 27ms

Data per process: 14075
Processes: 20
Open file: 412ms
Load positions: 2ms
Sorting: 148ms
Loading: 21ms
Rendering: 40ms
Communication: 28ms

Data per process: 14075
Processes: 20
Open file: 421ms
Load positions: 2ms
Sorting: 153ms
Loading: 19ms
Rendering: 40ms
Communication: 28ms

Data per process: 13405
Processes: 21
Open file: 421ms
Load positions: 1ms
Sorting: 150ms
Loading: 18ms
Rendering: 38ms
Communication: 28ms

Data per process: 13405
Processes: 21
Open file: 421ms
Load positions: 2ms
Sorting: 149ms
Loading: 18ms
Rendering: 37ms
Communication: 28ms

Data per process: 13405
Processes: 21
Open file: 421ms
Load positions: 1ms
Sorting: 150ms
Loading: 18ms
Rendering: 38ms
Communication: 28ms

Data per process: 13405
Processes: 21
Open file: 420ms
Load positions: 1ms
Sorting: 151ms
Loading: 18ms
Rendering: 38ms
Communication: 28ms

Data per process: 13405
Processes: 21
Open file: 421ms
Load positions: 1ms
Sorting: 151ms
Loading: 18ms
Rendering: 38ms
Communication: 28ms

Data per process: 13405
Processes: 21
Open file: 422ms
Load positions: 1ms
Sorting: 150ms
Loading: 18ms
Rendering: 38ms
Communication: 28ms

Data per process: 13405
Processes: 21
Open file: 420ms
Load positions: 1ms
Sorting: 151ms
Loading: 18ms
Rendering: 38ms
Communication: 28ms

Data per process: 13405
Processes: 21
Open file: 422ms
Load positions: 1ms
Sorting: 151ms
Loading: 18ms
Rendering: 38ms
Communication: 28ms

Data per process: 13405
Processes: 21
Open file: 421ms
Load positions: 1ms
Sorting: 152ms
Loading: 18ms
Rendering: 38ms
Communication: 28ms

Data per process: 13405
Processes: 21
Open file: 422ms
Load positions: 1ms
Sorting: 149ms
Loading: 18ms
Rendering: 38ms
Communication: 27ms

Data per process: 12796
Processes: 22
Open file: 420ms
Load positions: 1ms
Sorting: 150ms
Loading: 18ms
Rendering: 36ms
Communication: 28ms

Data per process: 12796
Processes: 22
Open file: 422ms
Load positions: 1ms
Sorting: 149ms
Loading: 17ms
Rendering: 36ms
Communication: 28ms

Data per process: 12796
Processes: 22
Open file: 419ms
Load positions: 2ms
Sorting: 154ms
Loading: 18ms
Rendering: 36ms
Communication: 28ms

Data per process: 12796
Processes: 22
Open file: 423ms
Load positions: 1ms
Sorting: 148ms
Loading: 18ms
Rendering: 36ms
Communication: 27ms

Data per process: 12796
Processes: 22
Open file: 424ms
Load positions: 1ms
Sorting: 150ms
Loading: 18ms
Rendering: 36ms
Communication: 28ms

Data per process: 12796
Processes: 22
Open file: 422ms
Load positions: 1ms
Sorting: 148ms
Loading: 18ms
Rendering: 36ms
Communication: 28ms

Data per process: 12796
Processes: 22
Open file: 421ms
Load positions: 1ms
Sorting: 150ms
Loading: 18ms
Rendering: 36ms
Communication: 28ms

Data per process: 12796
Processes: 22
Open file: 423ms
Load positions: 1ms
Sorting: 147ms
Loading: 18ms
Rendering: 36ms
Communication: 28ms

Data per process: 12796
Processes: 22
Open file: 421ms
Load positions: 1ms
Sorting: 151ms
Loading: 18ms
Rendering: 36ms
Communication: 28ms

Data per process: 12796
Processes: 22
Open file: 423ms
Load positions: 1ms
Sorting: 147ms
Loading: 17ms
Rendering: 36ms
Communication: 28ms

Data per process: 12240
Processes: 23
Open file: 421ms
Load positions: 1ms
Sorting: 150ms
Loading: 18ms
Rendering: 34ms
Communication: 28ms

Data per process: 12240
Processes: 23
Open file: 421ms
Load positions: 1ms
Sorting: 149ms
Loading: 17ms
Rendering: 34ms
Communication: 27ms

Data per process: 12240
Processes: 23
Open file: 422ms
Load positions: 1ms
Sorting: 148ms
Loading: 17ms
Rendering: 34ms
Communication: 27ms

Data per process: 12240
Processes: 23
Open file: 420ms
Load positions: 1ms
Sorting: 150ms
Loading: 18ms
Rendering: 34ms
Communication: 28ms

Data per process: 12240
Processes: 23
Open file: 423ms
Load positions: 1ms
Sorting: 148ms
Loading: 17ms
Rendering: 34ms
Communication: 27ms

Data per process: 12240
Processes: 23
Open file: 422ms
Load positions: 1ms
Sorting: 150ms
Loading: 18ms
Rendering: 34ms
Communication: 28ms

Data per process: 12240
Processes: 23
Open file: 421ms
Load positions: 2ms
Sorting: 149ms
Loading: 18ms
Rendering: 34ms
Communication: 28ms

Data per process: 12240
Processes: 23
Open file: 421ms
Load positions: 2ms
Sorting: 149ms
Loading: 17ms
Rendering: 34ms
Communication: 28ms

Data per process: 12240
Processes: 23
Open file: 421ms
Load positions: 1ms
Sorting: 150ms
Loading: 17ms
Rendering: 35ms
Communication: 28ms

Data per process: 12240
Processes: 23
Open file: 422ms
Load positions: 1ms
Sorting: 149ms
Loading: 17ms
Rendering: 35ms
Communication: 28ms

Data per process: 11730
Processes: 24
Open file: 421ms
Load positions: 1ms
Sorting: 150ms
Loading: 17ms
Rendering: 33ms
Communication: 28ms

Data per process: 11730
Processes: 24
Open file: 420ms
Load positions: 1ms
Sorting: 148ms
Loading: 17ms
Rendering: 33ms
Communication: 27ms

Data per process: 11730
Processes: 24
Open file: 419ms
Load positions: 2ms
Sorting: 146ms
Loading: 17ms
Rendering: 33ms
Communication: 27ms

Data per process: 11730
Processes: 24
Open file: 411ms
Load positions: 2ms
Sorting: 144ms
Loading: 20ms
Rendering: 33ms
Communication: 28ms

Data per process: 11730
Processes: 24
Open file: 417ms
Load positions: 2ms
Sorting: 151ms
Loading: 17ms
Rendering: 33ms
Communication: 27ms

Data per process: 11730
Processes: 24
Open file: 420ms
Load positions: 1ms
Sorting: 152ms
Loading: 17ms
Rendering: 33ms
Communication: 28ms

Data per process: 11730
Processes: 24
Open file: 422ms
Load positions: 2ms
Sorting: 148ms
Loading: 17ms
Rendering: 33ms
Communication: 28ms

Data per process: 11730
Processes: 24
Open file: 422ms
Load positions: 1ms
Sorting: 148ms
Loading: 17ms
Rendering: 33ms
Communication: 28ms

Data per process: 11730
Processes: 24
Open file: 418ms
Load positions: 1ms
Sorting: 150ms
Loading: 17ms
Rendering: 33ms
Communication: 28ms

Data per process: 11730
Processes: 24
Open file: 423ms
Load positions: 2ms
Sorting: 148ms
Loading: 17ms
Rendering: 33ms
Communication: 28ms

Data per process: 11260
Processes: 25
Open file: 421ms
Load positions: 2ms
Sorting: 149ms
Loading: 17ms
Rendering: 32ms
Communication: 28ms

Data per process: 11260
Processes: 25
Open file: 435ms
Load positions: 1ms
Sorting: 139ms
Loading: 17ms
Rendering: 32ms
Communication: 28ms

Data per process: 11260
Processes: 25
Open file: 421ms
Load positions: 1ms
Sorting: 148ms
Loading: 17ms
Rendering: 32ms
Communication: 28ms

Data per process: 11260
Processes: 25
Open file: 420ms
Load positions: 1ms
Sorting: 147ms
Loading: 17ms
Rendering: 32ms
Communication: 27ms

Data per process: 11260
Processes: 25
Open file: 420ms
Load positions: 2ms
Sorting: 149ms
Loading: 17ms
Rendering: 32ms
Communication: 28ms

Data per process: 11260
Processes: 25
Open file: 422ms
Load positions: 1ms
Sorting: 147ms
Loading: 17ms
Rendering: 32ms
Communication: 27ms

Data per process: 11260
Processes: 25
Open file: 420ms
Load positions: 1ms
Sorting: 149ms
Loading: 17ms
Rendering: 32ms
Communication: 28ms

Data per process: 11260
Processes: 25
Open file: 423ms
Load positions: 1ms
Sorting: 149ms
Loading: 17ms
Rendering: 31ms
Communication: 27ms

Data per process: 11260
Processes: 25
Open file: 419ms
Load positions: 1ms
Sorting: 150ms
Loading: 17ms
Rendering: 32ms
Communication: 28ms

Data per process: 11260
Processes: 25
Open file: 421ms
Load positions: 1ms
Sorting: 148ms
Loading: 17ms
Rendering: 32ms
Communication: 28ms

Data per process: 10827
Processes: 26
Open file: 420ms
Load positions: 1ms
Sorting: 149ms
Loading: 17ms
Rendering: 31ms
Communication: 28ms

Data per process: 10827
Processes: 26
Open file: 422ms
Load positions: 1ms
Sorting: 146ms
Loading: 16ms
Rendering: 31ms
Communication: 27ms

Data per process: 10827
Processes: 26
Open file: 421ms
Load positions: 1ms
Sorting: 148ms
Loading: 17ms
Rendering: 31ms
Communication: 28ms

Data per process: 10827
Processes: 26
Open file: 422ms
Load positions: 1ms
Sorting: 145ms
Loading: 16ms
Rendering: 30ms
Communication: 27ms

Data per process: 10827
Processes: 26
Open file: 420ms
Load positions: 1ms
Sorting: 147ms
Loading: 17ms
Rendering: 31ms
Communication: 28ms

Data per process: 10827
Processes: 26
Open file: 422ms
Load positions: 1ms
Sorting: 144ms
Loading: 16ms
Rendering: 31ms
Communication: 27ms

Data per process: 10827
Processes: 26
Open file: 420ms
Load positions: 1ms
Sorting: 147ms
Loading: 17ms
Rendering: 30ms
Communication: 28ms

Data per process: 10827
Processes: 26
Open file: 422ms
Load positions: 1ms
Sorting: 146ms
Loading: 16ms
Rendering: 31ms
Communication: 28ms

Data per process: 10827
Processes: 26
Open file: 420ms
Load positions: 1ms
Sorting: 146ms
Loading: 17ms
Rendering: 30ms
Communication: 28ms

Data per process: 10827
Processes: 26
Open file: 422ms
Load positions: 2ms
Sorting: 145ms
Loading: 16ms
Rendering: 30ms
Communication: 27ms

Data per process: 10426
Processes: 27
Open file: 421ms
Load positions: 2ms
Sorting: 145ms
Loading: 17ms
Rendering: 30ms
Communication: 28ms

Data per process: 10426
Processes: 27
Open file: 422ms
Load positions: 2ms
Sorting: 143ms
Loading: 16ms
Rendering: 29ms
Communication: 28ms

Data per process: 10426
Processes: 27
Open file: 421ms
Load positions: 1ms
Sorting: 147ms
Loading: 17ms
Rendering: 29ms
Communication: 27ms

Data per process: 10426
Processes: 27
Open file: 413ms
Load positions: 1ms
Sorting: 138ms
Loading: 19ms
Rendering: 29ms
Communication: 27ms

Data per process: 10426
Processes: 27
Open file: 410ms
Load positions: 2ms
Sorting: 147ms
Loading: 19ms
Rendering: 29ms
Communication: 28ms

Data per process: 10426
Processes: 27
Open file: 422ms
Load positions: 1ms
Sorting: 146ms
Loading: 16ms
Rendering: 29ms
Communication: 28ms

Data per process: 10426
Processes: 27
Open file: 419ms
Load positions: 1ms
Sorting: 146ms
Loading: 17ms
Rendering: 29ms
Communication: 28ms

Data per process: 10426
Processes: 27
Open file: 423ms
Load positions: 1ms
Sorting: 147ms
Loading: 16ms
Rendering: 29ms
Communication: 33ms

Data per process: 10426
Processes: 27
Open file: 420ms
Load positions: 1ms
Sorting: 146ms
Loading: 17ms
Rendering: 30ms
Communication: 28ms

Data per process: 10426
Processes: 27
Open file: 422ms
Load positions: 1ms
Sorting: 145ms
Loading: 16ms
Rendering: 29ms
Communication: 28ms

Data per process: 10054
Processes: 28
Open file: 419ms
Load positions: 1ms
Sorting: 146ms
Loading: 17ms
Rendering: 29ms
Communication: 28ms

Data per process: 10054
Processes: 28
Open file: 422ms
Load positions: 2ms
Sorting: 142ms
Loading: 16ms
Rendering: 28ms
Communication: 28ms

Data per process: 10054
Processes: 28
Open file: 420ms
Load positions: 2ms
Sorting: 147ms
Loading: 16ms
Rendering: 29ms
Communication: 28ms

Data per process: 10054
Processes: 28
Open file: 421ms
Load positions: 1ms
Sorting: 145ms
Loading: 16ms
Rendering: 29ms
Communication: 27ms

Data per process: 10054
Processes: 28
Open file: 420ms
Load positions: 1ms
Sorting: 147ms
Loading: 17ms
Rendering: 29ms
Communication: 28ms

Data per process: 10054
Processes: 28
Open file: 422ms
Load positions: 1ms
Sorting: 143ms
Loading: 17ms
Rendering: 29ms
Communication: 28ms

Data per process: 10054
Processes: 28
Open file: 421ms
Load positions: 1ms
Sorting: 145ms
Loading: 16ms
Rendering: 28ms
Communication: 29ms

Data per process: 10054
Processes: 28
Open file: 416ms
Load positions: 1ms
Sorting: 148ms
Loading: 16ms
Rendering: 28ms
Communication: 28ms

Data per process: 10054
Processes: 28
Open file: 421ms
Load positions: 1ms
Sorting: 147ms
Loading: 17ms
Rendering: 29ms
Communication: 28ms

Data per process: 10054
Processes: 28
Open file: 422ms
Load positions: 2ms
Sorting: 145ms
Loading: 16ms
Rendering: 28ms
Communication: 28ms

Data per process: 9707
Processes: 29
Open file: 421ms
Load positions: 1ms
Sorting: 146ms
Loading: 16ms
Rendering: 28ms
Communication: 28ms

Data per process: 9707
Processes: 29
Open file: 420ms
Load positions: 1ms
Sorting: 146ms
Loading: 16ms
Rendering: 28ms
Communication: 28ms

Data per process: 9707
Processes: 29
Open file: 421ms
Load positions: 1ms
Sorting: 145ms
Loading: 16ms
Rendering: 28ms
Communication: 28ms

Data per process: 9707
Processes: 29
Open file: 419ms
Load positions: 1ms
Sorting: 147ms
Loading: 16ms
Rendering: 28ms
Communication: 28ms

Data per process: 9707
Processes: 29
Open file: 420ms
Load positions: 2ms
Sorting: 145ms
Loading: 16ms
Rendering: 28ms
Communication: 28ms

Data per process: 9707
Processes: 29
Open file: 421ms
Load positions: 1ms
Sorting: 145ms
Loading: 16ms
Rendering: 28ms
Communication: 28ms

Data per process: 9707
Processes: 29
Open file: 420ms
Load positions: 2ms
Sorting: 147ms
Loading: 16ms
Rendering: 28ms
Communication: 28ms

Data per process: 9707
Processes: 29
Open file: 423ms
Load positions: 1ms
Sorting: 144ms
Loading: 16ms
Rendering: 28ms
Communication: 28ms

Data per process: 9707
Processes: 29
Open file: 423ms
Load positions: 2ms
Sorting: 141ms
Loading: 16ms
Rendering: 28ms
Communication: 27ms

Data per process: 9707
Processes: 29
Open file: 419ms
Load positions: 1ms
Sorting: 146ms
Loading: 16ms
Rendering: 28ms
Communication: 28ms

Data per process: 9384
Processes: 30
Open file: 419ms
Load positions: 1ms
Sorting: 143ms
Loading: 16ms
Rendering: 27ms
Communication: 28ms

Data per process: 9384
Processes: 30
Open file: 419ms
Load positions: 1ms
Sorting: 145ms
Loading: 16ms
Rendering: 27ms
Communication: 27ms

Data per process: 9384
Processes: 30
Open file: 416ms
Load positions: 2ms
Sorting: 146ms
Loading: 16ms
Rendering: 27ms
Communication: 27ms

Data per process: 9384
Processes: 30
Open file: 412ms
Load positions: 1ms
Sorting: 146ms
Loading: 16ms
Rendering: 26ms
Communication: 27ms

Data per process: 9384
Processes: 30
Open file: 419ms
Load positions: 1ms
Sorting: 147ms
Loading: 16ms
Rendering: 27ms
Communication: 28ms

Data per process: 9384
Processes: 30
Open file: 419ms
Load positions: 1ms
Sorting: 146ms
Loading: 16ms
Rendering: 27ms
Communication: 27ms

Data per process: 9384
Processes: 30
Open file: 419ms
Load positions: 1ms
Sorting: 144ms
Loading: 16ms
Rendering: 27ms
Communication: 28ms

Data per process: 9384
Processes: 30
Open file: 422ms
Load positions: 1ms
Sorting: 143ms
Loading: 16ms
Rendering: 27ms
Communication: 28ms

Data per process: 9384
Processes: 30
Open file: 420ms
Load positions: 1ms
Sorting: 145ms
Loading: 17ms
Rendering: 27ms
Communication: 28ms

Data per process: 9384
Processes: 30
Open file: 421ms
Load positions: 1ms
Sorting: 144ms
Loading: 16ms
Rendering: 27ms
Communication: 27ms

Data per process: 9081
Processes: 31
Open file: 418ms
Load positions: 1ms
Sorting: 145ms
Loading: 16ms
Rendering: 26ms
Communication: 28ms

Data per process: 9081
Processes: 31
Open file: 421ms
Load positions: 1ms
Sorting: 142ms
Loading: 15ms
Rendering: 26ms
Communication: 28ms

Data per process: 9081
Processes: 31
Open file: 420ms
Load positions: 1ms
Sorting: 144ms
Loading: 16ms
Rendering: 26ms
Communication: 28ms

Data per process: 9081
Processes: 31
Open file: 421ms
Load positions: 1ms
Sorting: 143ms
Loading: 16ms
Rendering: 26ms
Communication: 28ms

Data per process: 9081
Processes: 31
Open file: 421ms
Load positions: 1ms
Sorting: 144ms
Loading: 16ms
Rendering: 26ms
Communication: 28ms

Data per process: 9081
Processes: 31
Open file: 421ms
Load positions: 1ms
Sorting: 144ms
Loading: 15ms
Rendering: 26ms
Communication: 27ms

Data per process: 9081
Processes: 31
Open file: 419ms
Load positions: 1ms
Sorting: 144ms
Loading: 16ms
Rendering: 26ms
Communication: 28ms

Data per process: 9081
Processes: 31
Open file: 418ms
Load positions: 1ms
Sorting: 141ms
Loading: 15ms
Rendering: 26ms
Communication: 26ms

Data per process: 9081
Processes: 31
Open file: 418ms
Load positions: 1ms
Sorting: 146ms
Loading: 16ms
Rendering: 26ms
Communication: 28ms

Data per process: 9081
Processes: 31
Open file: 422ms
Load positions: 1ms
Sorting: 143ms
Loading: 16ms
Rendering: 26ms
Communication: 27ms

Data per process: 8797
Processes: 32
Open file: 420ms
Load positions: 2ms
Sorting: 144ms
Loading: 16ms
Rendering: 25ms
Communication: 28ms

Data per process: 8797
Processes: 32
Open file: 420ms
Load positions: 1ms
Sorting: 142ms
Loading: 15ms
Rendering: 25ms
Communication: 28ms

Data per process: 8797
Processes: 32
Open file: 419ms
Load positions: 2ms
Sorting: 145ms
Loading: 16ms
Rendering: 25ms
Communication: 28ms

Data per process: 8797
Processes: 32
Open file: 421ms
Load positions: 1ms
Sorting: 143ms
Loading: 15ms
Rendering: 25ms
Communication: 28ms

Data per process: 8797
Processes: 32
Open file: 424ms
Load positions: 1ms
Sorting: 142ms
Loading: 16ms
Rendering: 25ms
Communication: 28ms

Data per process: 8797
Processes: 32
Open file: 421ms
Load positions: 2ms
Sorting: 141ms
Loading: 15ms
Rendering: 25ms
Communication: 28ms

Data per process: 8797
Processes: 32
Open file: 420ms
Load positions: 1ms
Sorting: 144ms
Loading: 16ms
Rendering: 25ms
Communication: 28ms

Data per process: 8797
Processes: 32
Open file: 421ms
Load positions: 2ms
Sorting: 141ms
Loading: 15ms
Rendering: 25ms
Communication: 28ms

Data per process: 8797
Processes: 32
Open file: 420ms
Load positions: 1ms
Sorting: 143ms
Loading: 16ms
Rendering: 25ms
Communication: 28ms

Data per process: 8797
Processes: 32
Open file: 421ms
Load positions: 1ms
Sorting: 141ms
Loading: 16ms
Rendering: 25ms
Communication: 28ms

